NORMAL RUN
 
VEGETATION TYPE
biome type          - NON-WOODY
woody type          - DECIDUOUS
photosyn.type       - C3 PSN
 
CALCULATION METHODS
hydrology           - DSSAT
temperature         - MuSo
photosynthesis      - Farquhar
evapotranspiration  - Penman-Montieth
radiation           - based on SWabs
soilstress          - based on VWC
transfer period     - EPC
q10 value           - temperature dependent
photosyn. acclim.   - yes
respiration acclim. - yes
CO2 conduct. effect - reduction
 
DATA SOURCES
SGS data - planting date from planting file
EGS data - harvesting date from harvesting file
WPM data - constant 
MSC data - constant
management  - YES
groundwater - NO
 
CRITICAL VWC (m3/m3) AND PSI (MPa) VALUES OF TOP SOIL LAYER 
saturation:                           0.498     -0.0045
field capacity:                       0.330     -0.1141
wilting point:                        0.155     -4.4246
hygroscopic water:                    0.005   -158.4893
bulk density:                         1.330
Clapp-Hornberger b parameter:         8.560
 
LIMITATION VALUES OF SWC (m3/m3) IN TOP SOIL LAYER 
SWC (limit1 and limit2):         0.330        0.490
 
INFORMATION ABOUT SGS AND EGS VALUES (yday of onday and offday)
SGS value (min and max):    109    109
EGS value (min and max):    282    282
 
START OF PHENPHASES (MM/DD)
04/20 04/21 04/30 05/29 07/10 07/16 09/07  
04/20 04/21 04/25 05/16 07/05 07/11 08/26  
04/20 04/21 05/01 06/01 07/09 07/16 09/16  
04/20 04/21 05/04 06/01 07/10 07/19 09/12  
04/20 04/22 05/02 06/05 07/17 07/23 09/27  
04/20 04/21 05/01 05/31 07/13 07/20 09/12  
04/20 04/21 04/29 06/03 07/07 07/13 09/12  
04/20 04/21 05/02 05/22 07/04 07/12 09/02  
04/20 04/21 05/03 05/31 07/13 07/20 09/23  
04/20 04/21 05/10 06/03 07/15 07/21 09/23  
04/20 04/21 04/30 06/01 07/11 07/18 09/17  
04/20 04/21 04/26 05/28 07/16 07/23 09/16  
04/20 04/21 04/26 05/25 07/03 07/10 08/29  
04/20 04/21 05/01 06/01 07/08 07/16 09/14  
04/20 04/21 05/08 06/04 07/16 07/23 09/30  
04/20 04/21 04/28 05/22 07/08 07/16 09/14  
04/20 04/21 05/05 05/30 07/12 07/18 09/09  
04/20 04/21 04/26 05/20 07/01 07/08 09/08  
04/20 04/21 04/28 05/18 07/05 07/14 09/12  
04/20 04/21 04/27 06/02 07/12 07/21 09/18  
04/20 04/21 05/01 05/23 07/07 07/13 09/05  
04/20 04/21 05/04 05/31 07/10 07/17 09/21  
04/20 04/21 05/02 05/28 07/10 07/17 09/15  
04/20 04/21 05/01 06/03 07/21 07/29 09/28  
04/20 04/21 05/02 05/24 07/08 07/15 09/12  
04/20 04/21 05/06 06/02 07/15 07/21 10/04  
04/20 04/21 04/30 05/24 07/08 07/15 09/13  
04/20 04/21 04/30 06/03 07/19 07/28  
04/20 04/21 05/02 05/27 07/04 07/13 09/13  
04/20 04/21 05/08 06/10 07/24 07/31  
04/20 04/21 05/05 05/31 07/11 07/18 09/21  
04/20 04/21 05/07 05/30 07/11 07/18 09/10  
04/20 04/21 04/26 05/19 07/03 07/09 08/29  
04/20 04/21 05/05 06/03 07/20 07/28 10/02  
04/20 04/21 05/07 05/28 07/17 07/24 09/24  
04/20 04/21 04/26 05/20 07/03 07/11 09/09  
04/20 04/21 05/02 06/05 07/14 07/20 09/20  
04/20 04/21 05/03 05/30 07/10 07/18 09/11  
04/20 04/21 05/01 05/30 07/12 07/21 09/22  
04/20 04/21 05/02 05/25 07/10 07/18 09/18  
04/20 04/21 05/06 06/11 07/17 07/24 09/27  
04/20 04/21 04/28 05/23 07/06 07/14 08/29  
04/20 04/21 04/26 05/19 06/29 07/06 08/28  
04/20 04/21 04/28 05/25 07/05 07/12 08/27  
04/20 04/21 04/27 05/29 07/09 07/15 09/10  
04/20 04/21 04/27 05/19 07/02 07/09 09/12  
04/20 04/21 05/03 05/24 07/09 07/17 09/13  
04/20 04/21 04/29 05/30 07/08 07/17 09/11  
04/20 04/21 04/29 05/29 07/08 07/15 09/13  
04/20 04/21 04/26 05/19 06/30 07/06 08/27  
04/20 04/21 04/30 05/24 07/09 07/15 09/05  
04/20 04/21 04/29 05/21 06/28 07/05 08/24  
04/20 04/21 04/29 05/18 06/22 06/28 08/15  
04/20 04/21 04/29 05/31 07/11 07/19 09/15  
04/20 04/21 05/01 05/29 07/11 07/18 09/13  
04/20 04/21 04/26 05/23 07/06 07/12 09/04  
04/20 04/21 04/28 05/22 06/26 07/03 08/19  
04/20 04/21 04/29 05/26 07/01 07/07 08/27  
04/20 04/21 04/29 05/21 07/03 07/10 08/27  
04/20 04/21 04/28 05/25 07/04 07/11 08/28  
04/20 04/21 04/27 05/25 07/03 07/10 08/29  
04/20 04/21 04/28 05/21 06/28 07/03 08/17  
04/20 04/21 04/26 05/17 07/02 07/08 08/22  
04/20 04/21 04/27 05/25 07/06 07/13 09/03  
04/20 04/21 04/27 05/21 07/02 07/08 08/21  
04/20 04/21 05/04 05/30 07/06 07/13 09/04  
04/20 04/21 05/02 05/27 07/01 07/08 08/24  
04/20 04/21 04/26 05/15 06/21 06/30 08/16  
 
SOME IMPORTANT ANNUAL OUTPUTS FROM LAST SIMULATION YEAR
Cumulative sum of  GPP [gC/m2/year]:                            771.6
Cumulative sum of  NEE [gC/m2/year):                           -191.9
Cumulative sum of  ET  [kgH2O/m2/year):                         384.0
Cumulative sum of N2O flux [gN/m2/year):                          5.0
Maximum projected LAI [m2/m2):                                   1.74
Humus carbon content (in 0-30 cm soil layer) [%]:                0.71
SOM carbon content (in 0-30 cm soil layer) [%]:                  0.81
SOM nitrogen content (in 0-30 cm soil layer) [%]:                0.10
Available soil ammonium content (0-30 cm) [mgN/kg soil]:          2.8
Available soil nitrate content (0-30 cm) [mgN/kg soil]:          23.0
VWC of rootzone on last simulation day [m3/m3]:                 0.303
 
10-base logarithm of the maximum carbon balance diff.:          -13.4
10-base logarithm of the maximum nitrogen balance diff.:        -14.8
10-base logarithm of the maximum water balance diff.:           -10.8
10-base logarithm of the C-N calc. numbering error:             -11.7
 
WARNINGS 
Limited genetically programmed leaf senescence
Limited maintanance respiration 
In case of planting model-defined phenology is not possible (firstday:planting, lastday:harvesting)
In case of user-defined phenology GSI calculation is not possible

SIMULATION STATUS [0 - failure; 1 - success]
1
