NORMAL RUN
 
VEGETATION TYPE
biome type          - NON-WOODY
woody type          - DECIDUOUS
photosyn.type       - C4 PSN
 
CALCULATION METHODS
hydrology           - DSSAT
temperature         - MuSo
photosynthesis      - DSSAT
evapotranspiration  - Penman-Montieth
radiation           - based on SWabs
soilstress          - based on VWC
transfer period     - EPC
q10 value           - temperature dependent
photosyn. acclim.   - yes
respiration acclim. - yes
CO2 conduct. effect - reduction
 
DATA SOURCES
SGS data - planting date from planting file
EGS data - harvesting date from harvesting file
WPM data - constant 
MSC data - constant
management  - YES
groundwater - NO
 
CRITICAL VWC (m3/m3) AND PSI (MPa) VALUES OF TOP SOIL LAYER 
saturation:                           0.474     -0.0055
field capacity:                       0.323     -0.1279
wilting point:                        0.173     -1.9647
hygroscopic water:                    0.005   -158.4893
bulk density:                         1.410
Clapp-Hornberger b parameter:         8.560
 
LIMITATION VALUES OF SWC (m3/m3) IN TOP SOIL LAYER 
SWC (limit1 and limit2):         0.323        0.466
 
INFORMATION ABOUT SGS AND EGS VALUES (yday of onday and offday)
SGS value (min and max):    109    109
EGS value (min and max):    282    282
 
START OF PHENPHASES (MM/DD)
04/20 04/21 04/30 05/29 07/11 07/17 09/11  
04/20 04/21 04/26 05/23 07/07 07/14 08/31  
04/20 04/21 05/02 06/03 07/12 07/19 09/24  
04/20 04/21 05/04 06/02 07/12 07/21 09/16  
04/20 04/22 05/02 06/07 07/19 07/26 10/08  
04/20 04/21 05/01 06/01 07/15 07/23 09/22  
04/20 04/21 04/30 06/06 07/09 07/16 09/22  
04/20 04/21 05/03 05/23 07/07 07/14 09/07  
04/20 04/21 05/05 06/02 07/15 07/23  
04/20 04/21 05/12 06/06 07/19 07/27  
04/20 04/21 05/01 06/03 07/14 07/22 09/22  
04/20 04/21 04/26 05/29 07/19 07/26 09/29  
04/20 04/21 04/26 05/27 07/06 07/13 09/05  
04/20 04/21 05/03 06/02 07/13 07/20 09/27  
04/20 04/21 05/09 06/07 07/20 07/26 10/06  
04/20 04/21 04/28 05/24 07/11 07/18 09/20  
04/20 04/21 05/07 06/02 07/15 07/22 09/18  
04/20 04/21 04/26 05/22 07/05 07/11 09/16  
04/20 04/21 04/28 05/18 07/07 07/17 09/18  
04/20 04/21 04/27 06/04 07/13 07/22 09/20  
04/20 04/21 05/01 05/24 07/09 07/16 09/12  
04/20 04/21 05/05 06/01 07/12 07/20  
04/20 04/21 05/02 05/29 07/12 07/18 09/16  
04/20 04/21 05/01 06/04 07/22 07/30 10/08  
04/20 04/21 05/02 05/25 07/10 07/17 09/17  
04/20 04/21 05/06 06/03 07/16 07/22 10/10  
04/20 04/21 04/30 05/25 07/09 07/17 09/27  
04/20 04/21 05/01 06/04 07/21 07/30  
04/20 04/21 05/02 05/28 07/06 07/15 09/18  
04/20 04/21 05/08 06/11 07/26 08/02  
04/20 04/21 05/07 05/31 07/12 07/19 09/22  
04/20 04/21 05/07 05/31 07/12 07/19 09/13  
04/20 04/21 04/26 05/19 07/04 07/10 09/01  
04/20 04/21 05/05 06/04 07/23 08/01  
04/20 04/21 05/07 05/29 07/19 07/26 09/25  
04/20 04/21 04/26 05/19 07/04 07/12 09/09  
04/20 04/21 05/02 06/04 07/14 07/20 09/19  
04/20 04/21 05/03 05/31 07/11 07/19 09/11  
04/20 04/21 05/04 06/02 07/15 07/24 09/26  
04/20 04/21 05/02 05/25 07/12 07/20 09/23  
04/20 04/21 05/06 06/11 07/17 07/24 09/27  
04/20 04/21 04/28 05/24 07/07 07/15 08/30  
04/20 04/21 04/27 05/20 07/03 07/10 09/05  
04/20 04/21 04/28 05/26 07/07 07/14 08/31  
04/20 04/21 04/27 05/30 07/11 07/17 09/14  
04/20 04/21 04/27 05/20 07/05 07/13 09/24  
04/20 04/21 05/03 05/25 07/11 07/19 09/15  
04/20 04/21 04/29 05/30 07/09 07/17 09/10  
04/20 04/21 04/30 05/29 07/08 07/15 09/13  
04/20 04/21 04/26 05/19 06/30 07/06 08/27  
04/20 04/21 04/30 05/25 07/11 07/17 09/13  
04/20 04/21 04/29 05/22 06/30 07/07 08/28  
04/20 04/21 04/29 05/18 06/22 06/28 08/15  
04/20 04/21 04/29 06/01 07/14 07/21 09/20  
04/20 04/21 05/01 05/29 07/13 07/20 09/22  
04/20 04/21 04/27 05/25 07/08 07/14 09/09  
04/20 04/21 04/28 05/22 06/28 07/06 08/23  
04/20 04/21 04/30 05/27 07/04 07/11 09/03  
04/20 04/21 04/29 05/22 07/06 07/14 09/01  
04/20 04/21 04/28 05/26 07/06 07/13 09/06  
04/20 04/21 04/27 05/25 07/04 07/10 08/30  
04/20 04/21 04/29 05/24 07/02 07/07 08/23  
04/20 04/21 04/26 05/18 07/05 07/11 08/27  
04/20 04/21 04/27 05/26 07/07 07/15 09/08  
04/20 04/21 04/27 05/21 07/04 07/10 08/25  
04/20 04/21 05/05 05/31 07/08 07/14 09/07  
04/20 04/21 05/02 05/27 07/02 07/09 08/26  
04/20 04/21 04/25 05/14 06/21 06/30 08/17  
 
SOME IMPORTANT ANNUAL OUTPUTS FROM LAST SIMULATION YEAR
Cumulative sum of  GPP (gC/m2/year):                           410.1
Cumulative sum of  NEE (gC/m2/year):                            23.0
Cumulative sum of  ET  (kgH2O/m2/year):                        314.1
Cumulative sum of N2O flux (gN/m2/year):                         8.2
Maximum projected LAI (m2/m2):                                  0.50
Humus carbon content (0-10 cm) (gC/kg soil):                     7.0
SOM carbon content (0-10 cm) (gC/kg soil):                       9.4
SOM nitrogen content (0-10 cm) (gN/kg soil):                     2.6
Soil ammonium content (0-10 cm) (mgN/kg soil):                  41.2
Soil nitrate content (0-10 cm) (mgN/kg soil):                   10.4
VWC of rootzone on last simulation day (m3/m3):                0.295
 
10-base logarithm of the maximum carbon balance diff.:          -13.5
10-base logarithm of the maximum nitrogen balance diff.:        -15.1
10-base logarithm of the maximum water balance diff.:           -10.8
10-base logarithm of the C-N calc. numbering error:             -12.3
 
WARNINGS 
Limited genetically programmed leaf senescence
Limited maintanance respiration 
In case of planting model-defined phenology is not possible (firstday:planting, lastday:harvesting)
In case of user-defined phenology GSI calculation is not possible

SIMULATION STATUS [0 - failure; 1 - success]
1
